Starting server with Config HP="0.0.0.0:3308"|T="28800000"|R="false"|L="info"
time="2026-04-18T14:05:06Z" level=info msg="Server ready. Accepting connections."
time="2026-04-18T14:05:06Z" level=warning msg="secure_file_priv is set to \"\", which is insecure."
time="2026-04-18T14:05:06Z" level=warning msg="Any user with GRANT FILE privileges will be able to read any file which the sql-server process can read."
time="2026-04-18T14:05:06Z" level=warning msg="Please consider restarting the server with secure_file_priv set to a safe (or non-existent) directory."
time="2026-04-18T14:05:07Z" level=info msg=NewConnection DisableClientMultiStatements=false connectionID=1
time="2026-04-18T14:05:07Z" level=info msg=ConnectionClosed connectionID=1
time="2026-04-18T14:05:07Z" level=info msg=NewConnection DisableClientMultiStatements=false connectionID=2
time="2026-04-18T14:05:07Z" level=info msg=ConnectionClosed connectionID=2
time="2026-04-18T14:05:16Z" level=info msg=NewConnection DisableClientMultiStatements=false connectionID=3
time="2026-04-18T14:05:16Z" level=info msg=NewConnection DisableClientMultiStatements=false connectionID=4
time="2026-04-18T14:05:16Z" level=info msg=ConnectionClosed connectionID=3
time="2026-04-18T14:05:16Z" level=info msg=NewConnection DisableClientMultiStatements=false connectionID=5
time="2026-04-18T14:05:16Z" level=info msg=ConnectionClosed connectionID=4
time="2026-04-18T14:05:17Z" level=warning msg="error running query" connectTime="2026-04-18 14:05:16.988231814 +0000 UTC m=+10.080512264" connectionDb=clank connectionID=5 error="Duplicate key name 'idx_wisp_dep_type'" queryTime="2026-04-18 14:05:17.068486585 +0000 UTC m=+10.160767025"
time="2026-04-18T14:05:17Z" level=warning msg="error running query" connectTime="2026-04-18 14:05:16.988231814 +0000 UTC m=+10.080512264" connectionDb=clank connectionID=5 error="Duplicate key name 'idx_wisp_dep_type_depends'" queryTime="2026-04-18 14:05:17.068638594 +0000 UTC m=+10.160919044"
time="2026-04-18T14:05:17Z" level=info msg=ConnectionClosed connectionID=5
time="2026-04-18T14:05:17Z" level=info msg=NewConnection DisableClientMultiStatements=false connectionID=6
time="2026-04-18T14:05:17Z" level=warning msg="error running query" connectTime="2026-04-18 14:05:17.068954744 +0000 UTC m=+10.161235194" connectionDb=clank connectionID=6 error="Column \"no_history\" already exists" queryTime="2026-04-18 14:05:17.072916238 +0000 UTC m=+10.165196688"
time="2026-04-18T14:05:17Z" level=warning msg="error running query" connectTime="2026-04-18 14:05:17.068954744 +0000 UTC m=+10.161235194" connectionDb=clank connectionID=6 error="Column \"started_at\" already exists" queryTime="2026-04-18 14:05:17.089681646 +0000 UTC m=+10.181962096"
time="2026-04-18T14:05:17Z" level=info msg=NewConnection DisableClientMultiStatements=false connectionID=7
time="2026-04-18T14:05:17Z" level=info msg=ConnectionClosed connectionID=7
time="2026-04-18T14:05:17Z" level=info msg=NewConnection DisableClientMultiStatements=false connectionID=8
time="2026-04-18T14:05:17Z" level=info msg=NewConnection DisableClientMultiStatements=false connectionID=9
time="2026-04-18T14:05:17Z" level=info msg=ConnectionClosed connectionID=8
time="2026-04-18T14:05:17Z" level=warning msg="error running query" connectTime="2026-04-18 14:05:17.229575164 +0000 UTC m=+10.321855614" connectionDb=beads_global connectionID=9 error="Duplicate key name 'idx_wisp_dep_type'" queryTime="2026-04-18 14:05:17.306359426 +0000 UTC m=+10.398639866"
time="2026-04-18T14:05:17Z" level=warning msg="error running query" connectTime="2026-04-18 14:05:17.229575164 +0000 UTC m=+10.321855614" connectionDb=beads_global connectionID=9 error="Duplicate key name 'idx_wisp_dep_type_depends'" queryTime="2026-04-18 14:05:17.306516544 +0000 UTC m=+10.398796984"
time="2026-04-18T14:05:17Z" level=info msg=ConnectionClosed connectionID=9
time="2026-04-18T14:05:17Z" level=info msg=NewConnection DisableClientMultiStatements=false connectionID=10
time="2026-04-18T14:05:17Z" level=warning msg="error running query" connectTime="2026-04-18 14:05:17.306871541 +0000 UTC m=+10.399151991" connectionDb=beads_global connectionID=10 error="Column \"no_history\" already exists" queryTime="2026-04-18 14:05:17.310665596 +0000 UTC m=+10.402946046"
time="2026-04-18T14:05:17Z" level=warning msg="error running query" connectTime="2026-04-18 14:05:17.306871541 +0000 UTC m=+10.399151991" connectionDb=beads_global connectionID=10 error="Column \"started_at\" already exists" queryTime="2026-04-18 14:05:17.327423058 +0000 UTC m=+10.419703498"
time="2026-04-18T14:05:17Z" level=info msg=ConnectionClosed connectionID=10
time="2026-04-18T14:05:17Z" level=info msg=ConnectionClosed connectionID=6
time="2026-04-18T14:05:43Z" level=info msg=NewConnection DisableClientMultiStatements=false connectionID=11
time="2026-04-18T14:05:43Z" level=info msg=ConnectionClosed connectionID=11
time="2026-04-18T14:05:43Z" level=info msg=NewConnection DisableClientMultiStatements=false connectionID=12
time="2026-04-18T14:05:43Z" level=info msg=NewConnection DisableClientMultiStatements=false connectionID=13
time="2026-04-18T14:05:43Z" level=info msg=ConnectionClosed connectionID=12
time="2026-04-18T14:05:43Z" level=warning msg="error running query" connectTime="2026-04-18 14:05:43.103650332 +0000 UTC m=+36.195930782" connectionDb=clank connectionID=13 error="nothing to commit" queryTime="2026-04-18 14:05:43.144057324 +0000 UTC m=+36.236337774"
time="2026-04-18T14:05:43Z" level=info msg=NewConnection DisableClientMultiStatements=false connectionID=14
time="2026-04-18T14:05:43Z" level=info msg=ConnectionClosed connectionID=14
time="2026-04-18T14:05:43Z" level=info msg=NewConnection DisableClientMultiStatements=false connectionID=15
time="2026-04-18T14:05:43Z" level=info msg=NewConnection DisableClientMultiStatements=false connectionID=16
time="2026-04-18T14:05:43Z" level=info msg=ConnectionClosed connectionID=15
time="2026-04-18T14:05:43Z" level=info msg=ConnectionClosed connectionID=16
time="2026-04-18T14:05:43Z" level=info msg=ConnectionClosed connectionID=13
time="2026-04-18T14:05:43Z" level=info msg=NewConnection DisableClientMultiStatements=false connectionID=17
time="2026-04-18T14:05:43Z" level=info msg=ConnectionClosed connectionID=17
time="2026-04-18T14:05:43Z" level=info msg=NewConnection DisableClientMultiStatements=false connectionID=18
time="2026-04-18T14:05:43Z" level=info msg=NewConnection DisableClientMultiStatements=false connectionID=19
time="2026-04-18T14:05:43Z" level=info msg=ConnectionClosed connectionID=18
time="2026-04-18T14:05:43Z" level=warning msg="error running query" connectTime="2026-04-18 14:05:43.395019396 +0000 UTC m=+36.487299836" connectionDb=clank connectionID=19 error="backup 'backup_export' not found" queryTime="2026-04-18 14:05:43.403098288 +0000 UTC m=+36.495378728"

time="2026-04-18T14:05:43Z" level=info msg=ConnectionClosed connectionID=19
time="2026-04-18T14:06:04Z" level=info msg=NewConnection DisableClientMultiStatements=false connectionID=20
time="2026-04-18T14:06:04Z" level=info msg=ConnectionClosed connectionID=20
time="2026-04-18T14:06:04Z" level=info msg=NewConnection DisableClientMultiStatements=false connectionID=21
time="2026-04-18T14:06:04Z" level=info msg=NewConnection DisableClientMultiStatements=false connectionID=22
time="2026-04-18T14:06:04Z" level=info msg=ConnectionClosed connectionID=21
time="2026-04-18T14:06:04Z" level=info msg=ConnectionClosed connectionID=22
time="2026-04-18T14:06:19Z" level=info msg=NewConnection DisableClientMultiStatements=false connectionID=23
time="2026-04-18T14:06:19Z" level=info msg=ConnectionClosed connectionID=23
time="2026-04-18T14:06:19Z" level=info msg=NewConnection DisableClientMultiStatements=false connectionID=24
time="2026-04-18T14:06:19Z" level=info msg=NewConnection DisableClientMultiStatements=false connectionID=25
time="2026-04-18T14:06:19Z" level=info msg=ConnectionClosed connectionID=24
time="2026-04-18T14:06:19Z" level=info msg=ConnectionClosed connectionID=25
time="2026-04-18T14:06:19Z" level=info msg=NewConnection DisableClientMultiStatements=false connectionID=26
time="2026-04-18T14:06:19Z" level=info msg=ConnectionClosed connectionID=26
time="2026-04-18T14:06:19Z" level=info msg=NewConnection DisableClientMultiStatements=false connectionID=27
time="2026-04-18T14:06:19Z" level=info msg=NewConnection DisableClientMultiStatements=false connectionID=28
time="2026-04-18T14:06:19Z" level=info msg=ConnectionClosed connectionID=27
time="2026-04-18T14:06:19Z" level=info msg=ConnectionClosed connectionID=28
